2025-02-19 19:58:00 | DEBUG | repo=course-sys-int-systems | action=test | passed=true
2025-05-02 14:08:00 | INFO | repo=course-sys-int-systems | action=test | passed=true
2025-11-28 10:31:00 | INFO | repo=course-sys-int-systems | action=commit
2025-09-02 18:09:00 | WARN | repo=course-sys-int-systems | action=pull
2025-07-19 14:47:00 | WARN | repo=course-sys-int-systems | action=edit | files=2
2025-01-23 21:47:00 | DEBUG | repo=course-sys-int-systems | action=commit
2025-02-05 08:15:00 | DEBUG | repo=course-sys-int-systems | action=test | passed=true
2025-05-18 15:04:00 | WARN | repo=course-sys-int-systems | action=commit
2025-07-02 21:54:00 | DEBUG | repo=course-sys-int-systems | action=commit
2025-12-08 12:17:00 | INFO | repo=course-sys-int-systems | action=commit
2025-04-12 21:56:00 | DEBUG | repo=course-sys-int-systems | action=test | passed=true
2025-12-11 18:06:00 | INFO | repo=course-sys-int-systems | action=edit | files=1
2025-10-25 19:29:00 | INFO | repo=course-sys-int-systems | action=commit
2025-09-07 20:11:00 | DEBUG | repo=course-sys-int-systems | action=commit
2025-09-21 13:36:00 | WARN | repo=course-sys-int-systems | action=pull
2025-12-14 13:56:00 | DEBUG | repo=course-sys-int-systems | action=pull
2025-05-26 07:07:00 | WARN | repo=course-sys-int-systems | action=pull
2025-06-18 08:15:00 | WARN | repo=course-sys-int-systems | action=commit
2025-12-11 08:45:00 | DEBUG | repo=course-sys-int-systems | action=edit | files=2
2025-01-04 20:29:00 | DEBUG | repo=course-sys-int-systems | action=commit
2025-09-09 15:15:00 | WARN | repo=course-sys-int-systems | action=commit
2025-12-18 15:57:00 | WARN | repo=course-sys-int-systems | action=commit
2025-10-07 08:48:00 | DEBUG | repo=course-sys-int-systems | action=commit
2025-03-03 14:47:00 | WARN | repo=course-sys-int-systems | action=commit
2025-11-22 08:44:00 | INFO | repo=course-sys-int-systems | action=edit | files=2
2025-01-20 17:03:00 | WARN | repo=course-sys-int-systems | action=test | passed=true
2025-02-24 21:43:00 | WARN | repo=course-sys-int-systems | action=edit | files=2
2025-06-08 13:48:00 | WARN | repo=course-sys-int-systems | action=commit
2025-04-27 17:52:00 | INFO | repo=course-sys-int-systems | action=commit
